# JRE version: OpenJDK Runtime Environment Temurin-21.0.6+7 (21.0.6+7) (build 21.0.6+7-LTS)
# Java VM: OpenJDK 64-Bit Server VM Temurin-21.0.6+7 (21.0.6+7-LTS, mixed mode, emulated-client, sharing, tiered, compressed oops, compressed class ptrs, g1 gc, windows-amd64)
GC Precious Log:
 CardTable entry size: 512
 Card Set container configuration: InlinePtr #cards 4 size 8 Array Of Cards #cards 16 size 48 Howl #buckets 8 coarsen threshold 3686 Howl Bitmap #cards 512 size 80 coarsen threshold 460 Card regions per heap region 1 cards per card region 4096
 CPUs: 8 total, 8 available
 Memory: 16197M
 Large Page Support: Disabled
 NUMA Support: Disabled
 Compressed Oops: Enabled (Zero based)
 Heap Region Size: 2M
 Heap Min Capacity: 8M
 Heap Initial Capacity: 254M
 Heap Max Capacity: 4050M
 Pre-touch: Disabled
 Parallel Workers: 8
 Concurrent Workers: 2
 Concurrent Refinement Workers: 8
 Periodic GC: Disabled
Heap:
 garbage-first heap   total 122880K, used 67103K [0x0000000702e00000, 0x0000000800000000)
  region size 2048K, 18 young (36864K), 4 survivors (8192K)
 Metaspace       used 91600K, committed 92416K, reserved 1179648K
  class space    used 12876K, committed 13248K, reserved 1048576K
GC Heap History (20 events):
Event: 114.294 GC heap before
{Heap before GC invocations=31 (full 3):
 garbage-first heap   total 145408K, used 121898K [0x0000000702e00000, 0x0000000800000000)
  region size 2048K, 42 young (86016K), 3 survivors (6144K)
 Metaspace       used 84293K, committed 85184K, reserved 1179648K
  class space    used 11878K, committed 12352K, reserved 1048576K
}
Event: 114.300 GC heap after
{Heap after GC invocations=32 (full 3):
 garbage-first heap   total 145408K, used 45679K [0x0000000702e00000, 0x0000000800000000)
  region size 2048K, 5 young (10240K), 5 survivors (10240K)
 Metaspace       used 84293K, committed 85184K, reserved 1179648K
  class space    used 11878K, committed 12352K, reserved 1048576K
}
Event: 174.655 GC heap before
{Heap before GC invocations=32 (full 3):
 garbage-first heap   total 145408K, used 86639K [0x0000000702e00000, 0x0000000800000000)
  region size 2048K, 26 young (53248K), 5 survivors (10240K)
 Metaspace       used 84346K, committed 85248K, reserved 1179648K
  class space    used 11881K, committed 12352K, reserved 1048576K
}
Event: 174.690 GC heap after
{Heap after GC invocations=33 (full 4):
 garbage-first heap   total 145408K, used 40528K [0x0000000702e00000, 0x0000000800000000)
  region size 2048K, 0 young (0K), 0 survivors (0K)
 Metaspace       used 84339K, committed 85248K, reserved 1179648K
  class space    used 11880K, committed 12352K, reserved 1048576K
}
Event: 175.282 GC heap before
{Heap before GC invocations=33 (full 4):
 garbage-first heap   total 145408K, used 124496K [0x0000000702e00000, 0x0000000800000000)
  region size 2048K, 41 young (83968K), 0 survivors (0K)
 Metaspace       used 84449K, committed 85312K, reserved 1179648K
  class space    used 11894K, committed 12352K, reserved 1048576K
}
Event: 175.285 GC heap after
{Heap after GC invocations=34 (full 4):
 garbage-first heap   total 145408K, used 46672K [0x0000000702e00000, 0x0000000800000000)
  region size 2048K, 3 young (6144K), 3 survivors (6144K)
 Metaspace       used 84449K, committed 85312K, reserved 1179648K
  class space    used 11894K, committed 12352K, reserved 1048576K
}
Event: 175.759 GC heap before
{Heap before GC invocations=34 (full 4):
 garbage-first heap   total 145408K, used 124496K [0x0000000702e00000, 0x0000000800000000)
  region size 2048K, 41 young (83968K), 3 survivors (6144K)
 Metaspace       used 84776K, committed 85696K, reserved 1179648K
  class space    used 11917K, committed 12416K, reserved 1048576K
}
Event: 175.765 GC heap after
{Heap after GC invocations=35 (full 4):
 garbage-first heap   total 145408K, used 50045K [0x0000000702e00000, 0x0000000800000000)
  region size 2048K, 5 young (10240K), 5 survivors (10240K)
 Metaspace       used 84776K, committed 85696K, reserved 1179648K
  class space    used 11917K, committed 12416K, reserved 1048576K
}
Event: 209.260 GC heap before
{Heap before GC invocations=35 (full 4):
 garbage-first heap   total 145408K, used 72573K [0x0000000702e00000, 0x0000000800000000)
  region size 2048K, 17 young (34816K), 5 survivors (10240K)
 Metaspace       used 84785K, committed 85696K, reserved 1179648K
  class space    used 11918K, committed 12416K, reserved 1048576K
}
Event: 209.299 GC heap after
{Heap after GC invocations=36 (full 5):
 garbage-first heap   total 145408K, used 43878K [0x0000000702e00000, 0x0000000800000000)
  region size 2048K, 0 young (0K), 0 survivors (0K)
 Metaspace       used 84778K, committed 85696K, reserved 1179648K
  class space    used 11917K, committed 12416K, reserved 1048576K
}
Event: 209.846 GC heap before
{Heap before GC invocations=36 (full 5):
 garbage-first heap   total 145408K, used 125798K [0x0000000702e00000, 0x0000000800000000)
  region size 2048K, 40 young (81920K), 0 survivors (0K)
 Metaspace       used 84888K, committed 85824K, reserved 1179648K
  class space    used 11932K, committed 12416K, reserved 1048576K
}
Event: 209.849 GC heap after
{Heap after GC invocations=37 (full 5):
 garbage-first heap   total 145408K, used 49776K [0x0000000702e00000, 0x0000000800000000)
  region size 2048K, 3 young (6144K), 3 survivors (6144K)
 Metaspace       used 84888K, committed 85824K, reserved 1179648K
  class space    used 11932K, committed 12416K, reserved 1048576K
}
Event: 210.265 GC heap before
{Heap before GC invocations=37 (full 5):
 garbage-first heap   total 145408K, used 123504K [0x0000000702e00000, 0x0000000800000000)
  region size 2048K, 39 young (79872K), 3 survivors (6144K)
 Metaspace       used 85199K, committed 86080K, reserved 1179648K
  class space    used 11955K, committed 12416K, reserved 1048576K
}
Event: 210.271 GC heap after
{Heap after GC invocations=38 (full 5):
 garbage-first heap   total 145408K, used 53121K [0x0000000702e00000, 0x0000000800000000)
  region size 2048K, 3 young (6144K), 3 survivors (6144K)
 Metaspace       used 85199K, committed 86080K, reserved 1179648K
  class space    used 11955K, committed 12416K, reserved 1048576K
}
Event: 514.267 GC heap before
{Heap before GC invocations=38 (full 5):
 garbage-first heap   total 145408K, used 118657K [0x0000000702e00000, 0x0000000800000000)
  region size 2048K, 36 young (73728K), 3 survivors (6144K)
 Metaspace       used 87785K, committed 88576K, reserved 1179648K
  class space    used 12367K, committed 12736K, reserved 1048576K
}
Event: 514.270 GC heap after
{Heap after GC invocations=39 (full 5):
 garbage-first heap   total 145408K, used 53830K [0x0000000702e00000, 0x0000000800000000)
  region size 2048K, 3 young (6144K), 3 survivors (6144K)
 Metaspace       used 87785K, committed 88576K, reserved 1179648K
  class space    used 12367K, committed 12736K, reserved 1048576K
}
Event: 705.062 GC heap before
{Heap before GC invocations=40 (full 5):
 garbage-first heap   total 145408K, used 105030K [0x0000000702e00000, 0x0000000800000000)
  region size 2048K, 30 young (61440K), 3 survivors (6144K)
 Metaspace       used 91286K, committed 92032K, reserved 1179648K
  class space    used 12820K, committed 13120K, reserved 1048576K
}
Event: 705.102 GC heap after
{Heap after GC invocations=41 (full 6):
 garbage-first heap   total 122880K, used 33700K [0x0000000702e00000, 0x0000000800000000)
  region size 2048K, 0 young (0K), 0 survivors (0K)
 Metaspace       used 91231K, committed 92032K, reserved 1179648K
  class space    used 12806K, committed 13120K, reserved 1048576K
}
Event: 705.727 GC heap before
{Heap before GC invocations=41 (full 6):
 garbage-first heap   total 122880K, used 107428K [0x0000000702e00000, 0x0000000800000000)
  region size 2048K, 36 young (73728K), 0 survivors (0K)
 Metaspace       used 91456K, committed 92288K, reserved 1179648K
  class space    used 12853K, committed 13184K, reserved 1048576K
}
Event: 705.730 GC heap after
{Heap after GC invocations=42 (full 6):
 garbage-first heap   total 122880K, used 40479K [0x0000000702e00000, 0x0000000800000000)
  region size 2048K, 4 young (8192K), 4 survivors (8192K)
 Metaspace       used 91456K, committed 92288K, reserved 1179648K
  class space    used 12853K, committed 13184K, reserved 1048576K
}

