# JRE version: OpenJDK Runtime Environment Temurin-21.0.6+7 (21.0.6+7) (build 21.0.6+7-LTS)
# Java VM: OpenJDK 64-Bit Server VM Temurin-21.0.6+7 (21.0.6+7-LTS, mixed mode, emulated-client, sharing, tiered, compressed oops, compressed class ptrs, g1 gc, windows-amd64)
GC Precious Log:
 CardTable entry size: 512
 Card Set container configuration: InlinePtr #cards 4 size 8 Array Of Cards #cards 16 size 48 Howl #buckets 8 coarsen threshold 3686 Howl Bitmap #cards 512 size 80 coarsen threshold 460 Card regions per heap region 1 cards per card region 4096
 CPUs: 8 total, 8 available
 Memory: 16197M
 Large Page Support: Disabled
 NUMA Support: Disabled
 Compressed Oops: Enabled (Zero based)
 Heap Region Size: 2M
 Heap Min Capacity: 8M
 Heap Initial Capacity: 254M
 Heap Max Capacity: 4050M
 Pre-touch: Disabled
 Parallel Workers: 8
 Concurrent Workers: 2
 Concurrent Refinement Workers: 8
 Periodic GC: Disabled
Heap:
 garbage-first heap   total 133120K, used 56929K [0x0000000702e00000, 0x0000000800000000)
  region size 2048K, 12 young (24576K), 3 survivors (6144K)
 Metaspace       used 87025K, committed 88000K, reserved 1179648K
  class space    used 12312K, committed 12736K, reserved 1048576K
GC Heap History (20 events):
Event: 5.412 GC heap before
{Heap before GC invocations=21 (full 0):
 garbage-first heap   total 110592K, used 91285K [0x0000000702e00000, 0x0000000800000000)
  region size 2048K, 32 young (65536K), 3 survivors (6144K)
 Metaspace       used 72860K, committed 73600K, reserved 1114112K
  class space    used 10112K, committed 10432K, reserved 1048576K
}
Event: 5.417 GC heap after
{Heap after GC invocations=22 (full 0):
 garbage-first heap   total 110592K, used 34226K [0x0000000702e00000, 0x0000000800000000)
  region size 2048K, 4 young (8192K), 4 survivors (8192K)
 Metaspace       used 72860K, committed 73600K, reserved 1114112K
  class space    used 10112K, committed 10432K, reserved 1048576K
}
Event: 5.728 GC heap before
{Heap before GC invocations=22 (full 0):
 garbage-first heap   total 110592K, used 91570K [0x0000000702e00000, 0x0000000800000000)
  region size 2048K, 32 young (65536K), 4 survivors (8192K)
 Metaspace       used 75517K, committed 76288K, reserved 1179648K
  class space    used 10663K, committed 11008K, reserved 1048576K
}
Event: 5.734 GC heap after
{Heap after GC invocations=23 (full 0):
 garbage-first heap   total 110592K, used 36190K [0x0000000702e00000, 0x0000000800000000)
  region size 2048K, 3 young (6144K), 3 survivors (6144K)
 Metaspace       used 75517K, committed 76288K, reserved 1179648K
  class space    used 10663K, committed 11008K, reserved 1048576K
}
Event: 6.139 GC heap before
{Heap before GC invocations=23 (full 0):
 garbage-first heap   total 110592K, used 95582K [0x0000000702e00000, 0x0000000800000000)
  region size 2048K, 32 young (65536K), 3 survivors (6144K)
 Metaspace       used 78442K, committed 79232K, reserved 1179648K
  class space    used 11051K, committed 11392K, reserved 1048576K
}
Event: 6.145 GC heap after
{Heap after GC invocations=24 (full 0):
 garbage-first heap   total 133120K, used 38689K [0x0000000702e00000, 0x0000000800000000)
  region size 2048K, 3 young (6144K), 3 survivors (6144K)
 Metaspace       used 78442K, committed 79232K, reserved 1179648K
  class space    used 11051K, committed 11392K, reserved 1048576K
}
Event: 6.803 GC heap before
{Heap before GC invocations=24 (full 0):
 garbage-first heap   total 133120K, used 112417K [0x0000000702e00000, 0x0000000800000000)
  region size 2048K, 39 young (79872K), 3 survivors (6144K)
 Metaspace       used 81092K, committed 81920K, reserved 1179648K
  class space    used 11468K, committed 11840K, reserved 1048576K
}
Event: 6.809 GC heap after
{Heap after GC invocations=25 (full 0):
 garbage-first heap   total 133120K, used 42092K [0x0000000702e00000, 0x0000000800000000)
  region size 2048K, 4 young (8192K), 4 survivors (8192K)
 Metaspace       used 81092K, committed 81920K, reserved 1179648K
  class space    used 11468K, committed 11840K, reserved 1048576K
}
Event: 35.467 GC heap before
{Heap before GC invocations=25 (full 0):
 garbage-first heap   total 133120K, used 113772K [0x0000000702e00000, 0x0000000800000000)
  region size 2048K, 39 young (79872K), 4 survivors (8192K)
 Metaspace       used 85881K, committed 86720K, reserved 1179648K
  class space    used 12159K, committed 12544K, reserved 1048576K
}
Event: 35.474 GC heap after
{Heap after GC invocations=26 (full 0):
 garbage-first heap   total 133120K, used 43944K [0x0000000702e00000, 0x0000000800000000)
  region size 2048K, 3 young (6144K), 3 survivors (6144K)
 Metaspace       used 85881K, committed 86720K, reserved 1179648K
  class space    used 12159K, committed 12544K, reserved 1048576K
}
Event: 89.981 GC heap before
{Heap before GC invocations=26 (full 0):
 garbage-first heap   total 133120K, used 56232K [0x0000000702e00000, 0x0000000800000000)
  region size 2048K, 10 young (20480K), 3 survivors (6144K)
 Metaspace       used 86546K, committed 87488K, reserved 1179648K
  class space    used 12292K, committed 12672K, reserved 1048576K
}
Event: 90.018 GC heap after
{Heap after GC invocations=27 (full 1):
 garbage-first heap   total 133120K, used 35852K [0x0000000702e00000, 0x0000000800000000)
  region size 2048K, 0 young (0K), 0 survivors (0K)
 Metaspace       used 86539K, committed 87488K, reserved 1179648K
  class space    used 12291K, committed 12672K, reserved 1048576K
}
Event: 90.600 GC heap before
{Heap before GC invocations=27 (full 1):
 garbage-first heap   total 133120K, used 115724K [0x0000000702e00000, 0x0000000800000000)
  region size 2048K, 39 young (79872K), 0 survivors (0K)
 Metaspace       used 86649K, committed 87616K, reserved 1179648K
  class space    used 12304K, committed 12736K, reserved 1048576K
}
Event: 90.603 GC heap after
{Heap after GC invocations=28 (full 1):
 garbage-first heap   total 133120K, used 41253K [0x0000000702e00000, 0x0000000800000000)
  region size 2048K, 3 young (6144K), 3 survivors (6144K)
 Metaspace       used 86649K, committed 87616K, reserved 1179648K
  class space    used 12304K, committed 12736K, reserved 1048576K
}
Event: 91.109 GC heap before
{Heap before GC invocations=28 (full 1):
 garbage-first heap   total 133120K, used 110885K [0x0000000702e00000, 0x0000000800000000)
  region size 2048K, 37 young (75776K), 3 survivors (6144K)
 Metaspace       used 87019K, committed 87936K, reserved 1179648K
  class space    used 12336K, committed 12736K, reserved 1048576K
}
Event: 91.113 GC heap after
{Heap after GC invocations=29 (full 1):
 garbage-first heap   total 133120K, used 45195K [0x0000000702e00000, 0x0000000800000000)
  region size 2048K, 5 young (10240K), 5 survivors (10240K)
 Metaspace       used 87019K, committed 87936K, reserved 1179648K
  class space    used 12336K, committed 12736K, reserved 1048576K
}
Event: 105.166 GC heap before
{Heap before GC invocations=29 (full 1):
 garbage-first heap   total 133120K, used 88203K [0x0000000702e00000, 0x0000000800000000)
  region size 2048K, 27 young (55296K), 5 survivors (10240K)
 Metaspace       used 87028K, committed 87936K, reserved 1179648K
  class space    used 12339K, committed 12736K, reserved 1048576K
}
Event: 105.208 GC heap after
{Heap after GC invocations=30 (full 2):
 garbage-first heap   total 133120K, used 34965K [0x0000000702e00000, 0x0000000800000000)
  region size 2048K, 0 young (0K), 0 survivors (0K)
 Metaspace       used 86823K, committed 87936K, reserved 1179648K
  class space    used 12286K, committed 12736K, reserved 1048576K
}
Event: 106.710 GC heap before
{Heap before GC invocations=30 (full 2):
 garbage-first heap   total 133120K, used 112789K [0x0000000702e00000, 0x0000000800000000)
  region size 2048K, 39 young (79872K), 0 survivors (0K)
 Metaspace       used 86932K, committed 87936K, reserved 1179648K
  class space    used 12300K, committed 12736K, reserved 1048576K
}
Event: 106.714 GC heap after
{Heap after GC invocations=31 (full 2):
 garbage-first heap   total 133120K, used 40545K [0x0000000702e00000, 0x0000000800000000)
  region size 2048K, 3 young (6144K), 3 survivors (6144K)
 Metaspace       used 86932K, committed 87936K, reserved 1179648K
  class space    used 12300K, committed 12736K, reserved 1048576K
}

